<?xml version="1.0" encoding="UTF-8"?>
<!-- Generated by org.testng.reporters.JUnitReportReporter -->
<testsuite hostname="DESKTOP-7F44H94" failures="0" tests="1" name="com.testngframework.E_Cart_Product_Selection_Group" time="11.101" errors="0" timestamp="17 Nov 2023 12:24:10 GMT" skipped="0">
  <testcase classname="com.testngframework.E_Cart_Product_Selection_Group" name="SubmitOrder" time="11.101"/>
</testsuite> <!-- com.testngframework.E_Cart_Product_Selection_Group -->
