<?xml version="1.0" encoding="UTF-8"?>
<!-- Generated by org.testng.reporters.JUnitReportReporter -->
<testsuite hostname="DESKTOP-7F44H94" failures="0" tests="3" name="com.testngframework.E_Cart_Product_Selection_JsonData" time="29.250" errors="0" timestamp="30 Dec 2023 06:00:35 GMT" skipped="0">
  <testcase classname="com.testngframework.E_Cart_Product_Selection_JsonData" name="SubmitOrder" time="11.745"/>
  <testcase classname="com.testngframework.E_Cart_Product_Selection_JsonData" name="orderHistoryTest" time="3.023"/>
  <testcase classname="com.testngframework.E_Cart_Product_Selection_JsonData" name="SubmitOrder" time="14.482"/>
</testsuite> <!-- com.testngframework.E_Cart_Product_Selection_JsonData -->
